Base path: D:/Tu/Unity/Data
Pipe name: \\.\pipe\UnityShaderCompiler-7-1400
Cmd: getPlatforms
Cmd: compileSnippet
  api=1 type=0 insize=879 outsize=271 kw= ok=1
Cmd: compileSnippet
  api=1 type=1 insize=908 outsize=429 kw= ok=1
Cmd: compileSnippet
  api=0 type=1 insize=911 outsize=566 kw= ok=1
Cmd: compileSnippet
  api=0 type=0 insize=6232 outsize=621 kw=DIRECTIONAL SHADOWS_OFF LIGHTMAP_ON DIRLIGHTMAP_OFF ok=1
Cmd: compileSnippet
  api=0 type=1 insize=4173 outsize=115 kw=POINT ok=1
Cmd: compileSnippet
  api=0 type=0 insize=5687 outsize=1115 kw=DIRECTIONAL SHADOWS_OFF LIGHTMAP_OFF DIRLIGHTMAP_OFF ok=1
Cmd: compileSnippet
  api=0 type=0 insize=5687 outsize=645 kw=DIRECTIONAL SHADOWS_SCREEN LIGHTMAP_ON DIRLIGHTMAP_ON ok=1
Cmd: compileSnippet
  api=0 type=1 insize=5687 outsize=985 kw=DIRECTIONAL SHADOWS_OFF LIGHTMAP_ON DIRLIGHTMAP_ON ok=1
Cmd: compileSnippet
  api=0 type=1 insize=3628 outsize=975 kw=DIRECTIONAL ok=1
Cmd: compileSnippet
  api=0 type=1 insize=5369 outsize=1076 kw=LIGHTMAP_ON DIRLIGHTMAP_ON HDR_LIGHT_PREPASS_OFF ok=1
Cmd: compileSnippet
  api=4 type=0 insize=5226 outsize=1493 kw=DIRECTIONAL SHADOWS_OFF LIGHTMAP_ON DIRLIGHTMAP_OFF ok=1
Cmd: compileSnippet
  api=1 type=0 insize=5226 outsize=792 kw=DIRECTIONAL SHADOWS_SCREEN LIGHTMAP_OFF DIRLIGHTMAP_OFF ok=1
Cmd: compileSnippet
  api=0 type=0 insize=5226 outsize=540 kw=DIRECTIONAL SHADOWS_SCREEN LIGHTMAP_ON DIRLIGHTMAP_OFF ok=1
Cmd: compileSnippet
  api=8 type=0 insize=5226 outsize=6817 kw=DIRECTIONAL SHADOWS_OFF LIGHTMAP_OFF DIRLIGHTMAP_OFF VERTEXLIGHT_ON ok=1
Cmd: compileSnippet
  api=8 type=1 insize=5226 outsize=1983 kw=DIRECTIONAL SHADOWS_OFF LIGHTMAP_ON DIRLIGHTMAP_OFF ok=1
Cmd: compileSnippet
  api=0 type=0 insize=3170 outsize=857 kw=POINT ok=1
Cmd: compileSnippet
  api=1 type=0 insize=3170 outsize=405 kw=POINT_COOKIE ok=1
Cmd: compileSnippet
  api=8 type=1 insize=3170 outsize=3762 kw=POINT ok=1
Unhandled exception: Readfile from pipe failed. GLE=De pipe is beëindigd.


Quitting shader compiler process
