Base path: D:/Tu/Unity/Data
Pipe name: \\.\pipe\UnityShaderCompiler-3-6448
Cmd: getPlatforms
Cmd: compileSnippet
  api=1 type=1 insize=1639 outsize=2613 kw= ok=1
Cmd: compileSnippet
  api=8 type=1 insize=879 outsize=2097 kw= ok=1
Cmd: compileSnippet
  api=0 type=1 insize=790 outsize=425 kw= ok=1
Cmd: compileSnippet
  api=0 type=1 insize=788 outsize=425 kw= ok=1
Cmd: compileSnippet
  api=8 type=1 insize=985 outsize=2040 kw= ok=1
Cmd: compileSnippet
  api=8 type=0 insize=992 outsize=4063 kw= ok=1
Cmd: compileSnippet
  api=0 type=0 insize=6232 outsize=1115 kw=DIRECTIONAL SHADOWS_OFF LIGHTMAP_OFF DIRLIGHTMAP_OFF ok=1
Cmd: compileSnippet
  api=0 type=0 insize=6232 outsize=1705 kw=DIRECTIONAL SHADOWS_OFF LIGHTMAP_OFF DIRLIGHTMAP_OFF VERTEXLIGHT_ON ok=1
Cmd: compileSnippet
  api=0 type=1 insize=6232 outsize=1047 kw=DIRECTIONAL SHADOWS_OFF LIGHTMAP_ON DIRLIGHTMAP_OFF ok=1
Cmd: compileSnippet
  api=0 type=0 insize=4173 outsize=883 kw=POINT_COOKIE ok=1
Cmd: compileSnippet
  api=0 type=0 insize=3628 outsize=920 kw=SPOT ok=1
Cmd: compileSnippet
  api=0 type=0 insize=5369 outsize=645 kw=LIGHTMAP_ON DIRLIGHTMAP_ON HDR_LIGHT_PREPASS_OFF ok=1
Cmd: compileSnippet
  api=0 type=1 insize=5369 outsize=956 kw=LIGHTMAP_OFF DIRLIGHTMAP_OFF HDR_LIGHT_PREPASS_ON ok=1
Cmd: compileSnippet
  api=1 type=0 insize=5226 outsize=668 kw=DIRECTIONAL SHADOWS_OFF LIGHTMAP_OFF DIRLIGHTMAP_OFF ok=1
Cmd: compileSnippet
  api=4 type=0 insize=5226 outsize=3452 kw=DIRECTIONAL SHADOWS_SCREEN LIGHTMAP_OFF DIRLIGHTMAP_OFF ok=1
Cmd: compileSnippet
  api=0 type=0 insize=5226 outsize=1783 kw=DIRECTIONAL SHADOWS_SCREEN LIGHTMAP_OFF DIRLIGHTMAP_OFF VERTEXLIGHT_ON ok=1
Cmd: compileSnippet
  api=1 type=1 insize=5226 outsize=630 kw=DIRECTIONAL SHADOWS_OFF LIGHTMAP_OFF DIRLIGHTMAP_OFF ok=1
Cmd: compileSnippet
  api=1 type=1 insize=5226 outsize=496 kw=DIRECTIONAL SHADOWS_SCREEN LIGHTMAP_ON DIRLIGHTMAP_OFF ok=1
Cmd: compileSnippet
  api=1 type=0 insize=3170 outsize=405 kw=POINT ok=1
Cmd: compileSnippet
  api=8 type=0 insize=3170 outsize=4363 kw=SPOT ok=1
Cmd: compileSnippet
  api=0 type=1 insize=3170 outsize=952 kw=POINT ok=1
Cmd: compileSnippet
  api=8 type=1 insize=3170 outsize=3551 kw=DIRECTIONAL_COOKIE ok=1
Unhandled exception: Readfile from pipe failed. GLE=De pipe is beëindigd.


Quitting shader compiler process
